<?xml version="1.0" encoding="UTF-8"?>
<testsuite name="cf.charleseugeneloubao.gtfs.FeedDataReaderTest" tests="1" skipped="0" failures="0" errors="0" timestamp="2015-09-18T18:33:11" hostname="CHARLES-WINDOWS" time="3.841">
  <properties/>
  <testcase name="testGetFeedObjects" classname="cf.charleseugeneloubao.gtfs.FeedDataReaderTest" time="3.841"/>
  <system-out><![CDATA[Writing schedule for route 1
Writing schedule for route 2
Writing schedule for route 3
Writing schedule for route 4
Writing schedule for route 5
Writing schedule for route 6
Writing schedule for route 7
Writing schedule for route 8
Writing schedule for route 9
Writing schedule for route 10
Writing schedule for route 11
Writing schedule for route 12
Writing schedule for route 15
Writing schedule for route 16
Writing schedule for route 17
Writing schedule for route 18
Writing schedule for route 20
Writing schedule for route 21
Writing schedule for route 22
Writing schedule for route 23
Writing schedule for route 24
Writing schedule for route 25
Writing schedule for route 28
Writing schedule for route 30
Writing schedule for route 32
Writing schedule for route 33
Writing schedule for route 34
Writing schedule for route 35
Writing schedule for route 38
Writing schedule for route 39
Writing schedule for route 40
Writing schedule for route 41
Writing schedule for route 42
Writing schedule for route 43
Writing schedule for route 44
Writing schedule for route 45
Writing schedule for route 46
Writing schedule for route 54
Writing schedule for route 55
Writing schedule for route 59
Writing schedule for route 61
Writing schedule for route 64
Writing schedule for route 62
Writing schedule for route 101
Writing schedule for route 102
Writing schedule for route 103
Writing schedule for route 104
Writing schedule for route 105
Writing schedule for route 106
Writing schedule for route 107
Writing schedule for route 108
Writing schedule for route 109
Writing schedule for route 112
Writing schedule for route 113
Writing schedule for route 117
Writing schedule for route 120
Writing schedule for route 201
Writing schedule for route 203
Writing schedule for route 204
Writing schedule for route 205
Writing schedule for route 206
Writing schedule for route 207
Writing schedule for route 208
Writing schedule for route 212
Writing schedule for route 301
Writing schedule for route 303
Writing schedule for route 305
Writing schedule for route 901
Writing schedule for route 902
Writing schedule for route 903
]]></system-out>
  <system-err><![CDATA[]]></system-err>
</testsuite>
